# philosophy
- does iran the domestication center of sheep

# run
- structure
ovis_orientalis(2 pop, pop_l[25] pop_s[7])
ovis_vignei(9)
ovie_aries(SWA, SAS, CEA, AFR[], EUR[], AME[])

wgs_filter:
miss: 0.05
maf: 0.05
ld: 50 10 0.1

pca
admixture
tree

- haplotype_network
y_260_243: 23
y_260_243:

- mito
-- dj_info
https://www.sciencedirect.com/science/article/pii/S0960982220311362?via%3Dihub
single-copy MSY contigs, complete mtDNA, and D-loop sequences have been deposited at GenBank under the accessions MT768242–MT768708, MT768063–MT768241, and MT768242–MT769136, respectively. SNPs identified in single-copy MSY have been submitted to NCBI/EVA/dbSNP: PRJEB39831.

NCBI/EVA/dbSNP: PRJEB39831.

-- sample
lv: 797
dn: 153
all: 950

- haplonet
-- mito
parsi: 1841
no_ambiguous_length: 1762
haplotype: 907

- smc

- dsuite
-- sample
o.c: 6
o.o_1: 25
o.o_2: 7
ssa: 18 breeds
menz: 4

- fdm
4_breeds_overlap: 6,383,290 bp

- pbs
PBS on masked South Asian genomes (MASK_S) with the dashed line marking 99.9% threshold. Genes within 50-kb range of the highest
peaks are annotated.

- legend
-- mt
153: dn
614: assembled

-- y
239: filtered

-- coalescent bayesian skyline

-- D
18 breed in ssa

# kk
